<?xml version="1.0" encoding="UTF-8"?>
<!-- Generated by org.testng.reporters.JUnitReportReporter -->
<testsuite skipped="0" hostname="DESKTOP-CJCQIP3" name="AlertExamples" tests="1" failures="0" timestamp="2021-05-25T17:44:55 IST" time="29.557" errors="0">
  <testcase name="meth" time="29.557" classname="AlertExamples"/>
  <system-out/>
</testsuite> <!-- AlertExamples -->
