<?xml version="1.0" encoding="UTF-8"?>
<!-- Generated by org.testng.reporters.JUnitReportReporter -->
<testsuite skipped="0" hostname="DESKTOP-CJCQIP3" name="ExtentReport" tests="1" failures="0" timestamp="2021-02-09T12:58:48 IST" time="0.732" errors="0">
  <testcase name="runme" time="0.732" classname="ExtentReport"/>
  <system-out/>
</testsuite> <!-- ExtentReport -->
